{
    "version": "vv1.57",
    "timestamp": "2025-07-26 09:54:50",
    "results": [
        {
            "script": "add_prod_test.py",
            "status": "FAILED",
            "duration": "0.02s",
            "stdout": "ğŸ§ª Scenario: Ajouter un produit (sans ID) & quitter\nâŒ Erreur inattendue : [Errno 13] Permission denied: '/home/runner/work/Test_Auto_gestion_stock_c/Test_Auto_gestion_stock_c/build/gestion_stock.exe'\n",
            "stderr": ""
        },
        {
            "script": "delete_prod_test.py",
            "status": "PASSED",
            "duration": "0.02s",
            "stdout": "\nğŸ§¾ Deletion Test Summary:\n  - ID 1: âŒ Invalid or not deleted\n  - ID 2: âŒ Invalid or not deleted\n  - ID 3: âŒ Invalid or not deleted\n  - ID 4: âŒ Invalid or not deleted\n\nâœ… Test complete â€” no deletions occurred; all IDs were invalid.\n",
            "stderr": ""
        },
        {
            "script": "list_prod_test.py",
            "status": "FAILED",
            "duration": "0.02s",
            "stdout": "ğŸš¦ Launching theme initialization test: /home/runner/work/Test_Auto_gestion_stock_c/Test_Auto_gestion_stock_c/build/gestion_stock.exe\nâŒ Erreur inattendue : [Errno 13] Permission denied: '/home/runner/work/Test_Auto_gestion_stock_c/Test_Auto_gestion_stock_c/build/gestion_stock.exe'\n",
            "stderr": ""
        },
        {
            "script": "modify_prod_test.py",
            "status": "PASSED",
            "duration": "0.02s",
            "stdout": "ğŸš¦ Launching theme initialization test: /home/runner/work/Test_Auto_gestion_stock_c/Test_Auto_gestion_stock_c/build/gestion_stock.exe\nğŸ” Testing modification for ID = 1\nâŒ Erreur inattendue : [Errno 13] Permission denied: '/home/runner/work/Test_Auto_gestion_stock_c/Test_Auto_gestion_stock_c/build/gestion_stock.exe'\nğŸ” Testing modification for ID = 2\nâŒ Erreur inattendue : [Errno 13] Permission denied: '/home/runner/work/Test_Auto_gestion_stock_c/Test_Auto_gestion_stock_c/build/gestion_stock.exe'\nğŸ” Testing modification for ID = 3\nâŒ Erreur inattendue : [Errno 13] Permission denied: '/home/runner/work/Test_Auto_gestion_stock_c/Test_Auto_gestion_stock_c/build/gestion_stock.exe'\nğŸ” Testing modification for ID = 4\nâŒ Erreur inattendue : [Errno 13] Permission denied: '/home/runner/work/Test_Auto_gestion_stock_c/Test_Auto_gestion_stock_c/build/gestion_stock.exe'\nğŸ” Testing modification for ID = 5\nâŒ Erreur inattendue : [Errno 13] Permission denied: '/home/runner/work/Test_Auto_gestion_stock_c/Test_Auto_gestion_stock_c/build/gestion_stock.exe'\nâœ… Test passÃ© : Aucun ID valide, comportement attendu.\n",
            "stderr": ""
        },
        {
            "script": "regression_bug_test.py",
            "status": "PASSED",
            "duration": "0.02s",
            "stdout": "ğŸ Starting regression bug test: /home/runner/work/Test_Auto_gestion_stock_c/Test_Auto_gestion_stock_c/build/gestion_stock.exe\nâŒ Regression test failed due to unexpected error: [Errno 13] Permission denied: '/home/runner/work/Test_Auto_gestion_stock_c/Test_Auto_gestion_stock_c/build/gestion_stock.exe'\n",
            "stderr": ""
        },
        {
            "script": "smoke_test.py",
            "status": "FAILED",
            "duration": "0.02s",
            "stdout": "ğŸš¦ Smoke test: launching /home/runner/work/Test_Auto_gestion_stock_c/Test_Auto_gestion_stock_c/build/gestion_stock.exe\nâŒ Unexpected error: [Errno 13] Permission denied: '/home/runner/work/Test_Auto_gestion_stock_c/Test_Auto_gestion_stock_c/build/gestion_stock.exe'\n",
            "stderr": ""
        }
    ]
}